<?xml version="1.0" encoding="UTF-8"?>
<TestRun id="c8f6737a-0bb4-43eb-9df4-a962869eb5b8" name="Alex J Davison@ALEXDESKTOP 2011-12-24 13:01:34" runUser="ALEXDESKTOP\Alex J Davison" xmlns="http://microsoft.com/schemas/VisualStudio/TeamTest/2010">
  <TestSettings name="Local" id="c7592a4f-fdd2-4ae8-8062-0e5d79a4014d">
    <Description>These are default test settings for a local test run.</Description>
    <Deployment enabled="false" runDeploymentRoot="Alex J Davison_ALEXDESKTOP 2011-12-24 13_01_34">
      <DeploymentItem filename="C:\Users\Alex J Davison\Dropbox\Uni\Year 4\Semster 1\Advanced Windows Game Programming\AWGP\AWGP\AWGP\bin\x86\Debug\AWGP.dll" />
    </Deployment>
    <Execution>
      <TestTypeSpecific />
      <AgentRule name="Execution Agents">
      </AgentRule>
    </Execution>
  </TestSettings>
  <Times creation="2011-12-24T13:01:34.0972899+00:00" queuing="2011-12-24T13:01:34.1596900+00:00" start="2011-12-24T13:01:34.1908901+00:00" finish="2011-12-24T13:01:34.7680911+00:00" />
  <ResultSummary outcome="Completed">
    <Counters total="1" executed="1" passed="1" error="0" failed="0" timeout="0" aborted="0" inconclusive="0" passedButRunAborted="0" notRunnable="0" notExecuted="0" disconnected="0" warning="0" completed="0" inProgress="0" pending="0" />
  </ResultSummary>
  <TestDefinitions>
    <UnitTest name="TestMethod1" storage="c:\users\alex j davison\dropbox\uni\year 4\semster 1\advanced windows game programming\awgp\awgptesting\bin\debug\awgptesting.dll" id="70d02827-50d1-eb78-942f-4d1ae52740a6">
      <Execution id="d2d66a9a-0ced-4ff2-8b52-809da6dfea0b" />
      <TestMethod codeBase="C:/Users/Alex J Davison/Dropbox/Uni/Year 4/Semster 1/Advanced Windows Game Programming/AWGP/AWGPTesting/bin/Debug/AWGPTesting.DLL" adapterTypeName="Microsoft.VisualStudio.TestTools.TestTypes.Unit.UnitTestAdapter, Microsoft.VisualStudio.QualityTools.Tips.UnitTest.Adapter, Version=10.0.0.0, Culture=neutral, PublicKeyToken=b03f5f7f11d50a3a" className="AWGPTesting.Input, AWGPTesting, Version=1.0.0.0, Culture=neutral, PublicKeyToken=null" name="TestMethod1" />
    </UnitTest>
  </TestDefinitions>
  <TestLists>
    <TestList name="Results Not in a List" id="8c84fa94-04c1-424b-9868-57a2d4851a1d" />
    <TestList name="All Loaded Results" id="19431567-8539-422a-85d7-44ee4e166bda" />
  </TestLists>
  <TestEntries>
    <TestEntry testId="70d02827-50d1-eb78-942f-4d1ae52740a6" executionId="d2d66a9a-0ced-4ff2-8b52-809da6dfea0b" testListId="8c84fa94-04c1-424b-9868-57a2d4851a1d" />
  </TestEntries>
  <Results>
    <UnitTestResult executionId="d2d66a9a-0ced-4ff2-8b52-809da6dfea0b" testId="70d02827-50d1-eb78-942f-4d1ae52740a6" testName="TestMethod1" computerName="ALEXDESKTOP" duration="00:00:00.2129224" startTime="2011-12-24T13:01:34.2220901+00:00" endTime="2011-12-24T13:01:34.6588909+00:00" testType="13cdc9d9-ddb5-4fa4-a97d-d965ccfc6d4b" outcome="Passed" testListId="8c84fa94-04c1-424b-9868-57a2d4851a1d" relativeResultsDirectory="d2d66a9a-0ced-4ff2-8b52-809da6dfea0b">
    </UnitTestResult>
  </Results>
</TestRun>